PLINK v2.00a2LM AVX2 Intel (20 Oct 2019)
Options in effect:
  --dummy 200 200 0.01 0 acgt
  --make-bed
  --out /home/Pia.Rautenstrauch/github_repos/ws1920_master_thesis/dummy_data/background_kernel

Hostname: vm-cpu01
Working directory: /home/Pia.Rautenstrauch
Start time: Fri Dec  6 08:56:19 2019

Random number seed: 1575622579
128932 MiB RAM detected; reserving 64466 MiB for main workspace.
Using up to 24 threads (change this with --threads).
Dummy data (200 samples, 200 SNPs) written to
/home/Pia.Rautenstrauch/github_repos/ws1920_master_thesis/dummy_data/background_kernel-temporary.pgen
+
/home/Pia.Rautenstrauch/github_repos/ws1920_master_thesis/dummy_data/background_kernel-temporary.pvar
+
/home/Pia.Rautenstrauch/github_repos/ws1920_master_thesis/dummy_data/background_kernel-temporary.psam
.
200 samples (200 females, 0 males; 200 founders) loaded from
/home/Pia.Rautenstrauch/github_repos/ws1920_master_thesis/dummy_data/background_kernel-temporary.psam.
200 variants loaded from
/home/Pia.Rautenstrauch/github_repos/ws1920_master_thesis/dummy_data/background_kernel-temporary.pvar.
1 binary phenotype loaded (101 cases, 99 controls).
Writing
/home/Pia.Rautenstrauch/github_repos/ws1920_master_thesis/dummy_data/background_kernel.fam
... done.
Writing
/home/Pia.Rautenstrauch/github_repos/ws1920_master_thesis/dummy_data/background_kernel.bim
... done.
Writing
/home/Pia.Rautenstrauch/github_repos/ws1920_master_thesis/dummy_data/background_kernel.bed
... done.

End time: Fri Dec  6 08:56:19 2019
